android/app/build/intermediates/manifest_merge_blame_file/release/manifest-merger-blame-release-report.txt
1<?xml version="1.0" encoding="utf-8"?>
2<manifest xmlns:android="http://schemas.android.com/apk/res/android"
3    package="com.example.u_learning_app"
4    android:versionCode="1"
5    android:versionName="1.0.0" >
6
7    <uses-sdk
8        android:minSdkVersion="23"
8-->src/main/AndroidManifest.xml
9        android:targetSdkVersion="34" />
9-->src/main/AndroidManifest.xml
10    <!--
11         Required to query activities that can process text, see:
12         https://developer.android.com/training/package-visibility and
13         https://developer.android.com/reference/android/content/Intent#ACTION_PROCESS_TEXT.
14
15         In particular, this is used by the Flutter engine in io.flutter.plugin.text.ProcessTextPlugin.
16    -->
17    <queries>
17-->src/main/AndroidManifest.xml:39:5-44:15
18        <intent>
18-->src/main/AndroidManifest.xml:40:9-43:18
19            <action android:name="android.intent.action.PROCESS_TEXT" />
19-->src/main/AndroidManifest.xml:41:13-72
19-->src/main/AndroidManifest.xml:41:21-70
20
21            <data android:mimeType="text/plain" />
21-->src/main/AndroidManifest.xml:42:13-50
21-->src/main/AndroidManifest.xml:42:19-48
22        </intent>
23    </queries>
24
25    <uses-permission android:name="android.permission.INTERNET" /> <!-- Although the *SdkVersion is captured in gradle build files, this is required for non gradle builds -->
25-->[com.google.firebase:firebase-crashlytics:19.0.3] AndroidManifest.xml:7:5-67
25-->[com.google.firebase:firebase-crashlytics:19.0.3] AndroidManifest.xml:7:22-64
26    <!-- <uses-sdk android:minSdkVersion="21" /> -->
27    <uses-permission android:name="android.permission.ACCESS_NETWORK_STATE" />
27-->[com.google.firebase:firebase-firestore:25.0.0] AndroidManifest.xml:10:5-79
27-->[com.google.firebase:firebase-firestore:25.0.0] AndroidManifest.xml:10:22-76
28    <uses-permission android:name="android.permission.WAKE_LOCK" />
28-->[com.google.android.gms:play-services-measurement-api:22.0.2] AndroidManifest.xml:24:5-68
28-->[com.google.android.gms:play-services-measurement-api:22.0.2] AndroidManifest.xml:24:22-65
29    <uses-permission android:name="com.google.android.gms.permission.AD_ID" />
29-->[com.google.android.gms:play-services-measurement-api:22.0.2] AndroidManifest.xml:25:5-79
29-->[com.google.android.gms:play-services-measurement-api:22.0.2] AndroidManifest.xml:25:22-76
30    <uses-permission android:name="android.permission.ACCESS_ADSERVICES_ATTRIBUTION" />
30-->[com.google.android.gms:play-services-measurement-api:22.0.2] AndroidManifest.xml:26:5-88
30-->[com.google.android.gms:play-services-measurement-api:22.0.2] AndroidManifest.xml:26:22-85
31    <uses-permission android:name="android.permission.ACCESS_ADSERVICES_AD_ID" />
31-->[com.google.android.gms:play-services-measurement-api:22.0.2] AndroidManifest.xml:27:5-82
31-->[com.google.android.gms:play-services-measurement-api:22.0.2] AndroidManifest.xml:27:22-79
32    <uses-permission android:name="com.google.android.providers.gsf.permission.READ_GSERVICES" />
32-->[com.google.android.recaptcha:recaptcha:18.4.0] AndroidManifest.xml:9:5-98
32-->[com.google.android.recaptcha:recaptcha:18.4.0] AndroidManifest.xml:9:22-95
33    <uses-permission android:name="com.google.android.finsky.permission.BIND_GET_INSTALL_REFERRER_SERVICE" />
33-->[com.google.android.gms:play-services-measurement:22.0.2] AndroidManifest.xml:26:5-110
33-->[com.google.android.gms:play-services-measurement:22.0.2] AndroidManifest.xml:26:22-107
34
35    <permission
35-->[androidx.core:core:1.9.0] AndroidManifest.xml:22:5-24:47
36        android:name="com.example.u_learning_app.DYNAMIC_RECEIVER_NOT_EXPORTED_PERMISSION"
36-->[androidx.core:core:1.9.0] AndroidManifest.xml:23:9-81
37        android:protectionLevel="signature" />
37-->[androidx.core:core:1.9.0] AndroidManifest.xml:24:9-44
38
39    <uses-permission android:name="com.example.u_learning_app.DYNAMIC_RECEIVER_NOT_EXPORTED_PERMISSION" />
39-->[androidx.core:core:1.9.0] AndroidManifest.xml:26:5-97
39-->[androidx.core:core:1.9.0] AndroidManifest.xml:26:22-94
40
41    <application
42        android:name="android.app.Application"
42-->src/main/AndroidManifest.xml:4:9-42
43        android:appComponentFactory="androidx.core.app.CoreComponentFactory"
43-->[androidx.core:core:1.9.0] AndroidManifest.xml:28:18-86
44        android:extractNativeLibs="false"
45        android:icon="@mipmap/ic_launcher"
45-->src/main/AndroidManifest.xml:5:9-43
46        android:label="u_learning_app" >
46-->src/main/AndroidManifest.xml:3:9-39
47        <activity
47-->src/main/AndroidManifest.xml:6:9-27:20
48            android:name="com.example.u_learning_app.MainActivity"
48-->src/main/AndroidManifest.xml:7:13-41
49            android:configChanges="orientation|keyboardHidden|keyboard|screenSize|smallestScreenSize|locale|layoutDirection|fontScale|screenLayout|density|uiMode"
49-->src/main/AndroidManifest.xml:12:13-163
50            android:exported="true"
50-->src/main/AndroidManifest.xml:8:13-36
51            android:hardwareAccelerated="true"
51-->src/main/AndroidManifest.xml:13:13-47
52            android:launchMode="singleTop"
52-->src/main/AndroidManifest.xml:9:13-43
53            android:taskAffinity=""
53-->src/main/AndroidManifest.xml:10:13-36
54            android:theme="@style/LaunchTheme"
54-->src/main/AndroidManifest.xml:11:13-47
55            android:windowSoftInputMode="adjustResize" >
55-->src/main/AndroidManifest.xml:14:13-55
56
57            <!--
58                 Specifies an Android theme to apply to this Activity as soon as
59                 the Android process has started. This theme is visible to the user
60                 while the Flutter UI initializes. After that, this theme continues
61                 to determine the Window background behind the Flutter UI.
62            -->
63            <meta-data
63-->src/main/AndroidManifest.xml:19:13-22:17
64                android:name="io.flutter.embedding.android.NormalTheme"
64-->src/main/AndroidManifest.xml:20:15-70
65                android:resource="@style/NormalTheme" />
65-->src/main/AndroidManifest.xml:21:15-52
66
67            <intent-filter>
67-->src/main/AndroidManifest.xml:23:13-26:29
68                <action android:name="android.intent.action.MAIN" />
68-->src/main/AndroidManifest.xml:24:17-68
68-->src/main/AndroidManifest.xml:24:25-66
69
70                <category android:name="android.intent.category.LAUNCHER" />
70-->src/main/AndroidManifest.xml:25:17-76
70-->src/main/AndroidManifest.xml:25:27-74
71            </intent-filter>
72        </activity>
73        <!--
74             Don't delete the meta-data below.
75             This is used by the Flutter tool to generate GeneratedPluginRegistrant.java
76        -->
77        <meta-data
77-->src/main/AndroidManifest.xml:30:9-32:33
78            android:name="flutterEmbedding"
78-->src/main/AndroidManifest.xml:31:13-44
79            android:value="2" />
79-->src/main/AndroidManifest.xml:32:13-30
80
81        <service
81-->[:cloud_firestore] AndroidManifest.xml:10:9-14:19
82            android:name="com.google.firebase.components.ComponentDiscoveryService"
82-->[:cloud_firestore] AndroidManifest.xml:10:18-89
83            android:directBootAware="true"
83-->[com.google.firebase:firebase-common:21.0.0] AndroidManifest.xml:32:13-43
84            android:exported="false" >
84-->[com.google.firebase:firebase-crashlytics-ktx:19.0.3] AndroidManifest.xml:23:13-37
85            <meta-data
85-->[:cloud_firestore] AndroidManifest.xml:11:13-13:85
86                android:name="com.google.firebase.components:io.flutter.plugins.firebase.firestore.FlutterFirebaseFirestoreRegistrar"
86-->[:cloud_firestore] AndroidManifest.xml:12:17-134
87                android:value="com.google.firebase.components.ComponentRegistrar" />
87-->[:cloud_firestore] AndroidManifest.xml:13:17-82
88            <meta-data
88-->[:firebase_auth] AndroidManifest.xml:11:13-13:85
89                android:name="com.google.firebase.components:io.flutter.plugins.firebase.auth.FlutterFirebaseAuthRegistrar"
89-->[:firebase_auth] AndroidManifest.xml:12:17-124
90                android:value="com.google.firebase.components.ComponentRegistrar" />
90-->[:firebase_auth] AndroidManifest.xml:13:17-82
91            <meta-data
91-->[:firebase_core] AndroidManifest.xml:11:13-13:85
92                android:name="com.google.firebase.components:io.flutter.plugins.firebase.core.FlutterFirebaseCoreRegistrar"
92-->[:firebase_core] AndroidManifest.xml:12:17-124
93                android:value="com.google.firebase.components.ComponentRegistrar" />
93-->[:firebase_core] AndroidManifest.xml:13:17-82
94            <meta-data
94-->[com.google.firebase:firebase-crashlytics-ktx:19.0.3] AndroidManifest.xml:24:13-26:85
95                android:name="com.google.firebase.components:com.google.firebase.crashlytics.ktx.FirebaseCrashlyticsKtxRegistrar"
95-->[com.google.firebase:firebase-crashlytics-ktx:19.0.3] AndroidManifest.xml:25:17-130
96                android:value="com.google.firebase.components.ComponentRegistrar" />
96-->[com.google.firebase:firebase-crashlytics-ktx:19.0.3] AndroidManifest.xml:26:17-82
97            <meta-data
97-->[com.google.firebase:firebase-crashlytics:19.0.3] AndroidManifest.xml:15:13-17:85
98                android:name="com.google.firebase.components:com.google.firebase.crashlytics.FirebaseCrashlyticsKtxRegistrar"
98-->[com.google.firebase:firebase-crashlytics:19.0.3] AndroidManifest.xml:16:17-126
99                android:value="com.google.firebase.components.ComponentRegistrar" />
99-->[com.google.firebase:firebase-crashlytics:19.0.3] AndroidManifest.xml:17:17-82
100            <meta-data
100-->[com.google.firebase:firebase-crashlytics:19.0.3] AndroidManifest.xml:18:13-20:85
101                android:name="com.google.firebase.components:com.google.firebase.crashlytics.CrashlyticsRegistrar"
101-->[com.google.firebase:firebase-crashlytics:19.0.3] AndroidManifest.xml:19:17-115
102                android:value="com.google.firebase.components.ComponentRegistrar" />
102-->[com.google.firebase:firebase-crashlytics:19.0.3] AndroidManifest.xml:20:17-82
103            <meta-data
103-->[com.google.firebase:firebase-analytics-ktx:22.0.2] AndroidManifest.xml:11:13-13:85
104                android:name="com.google.firebase.components:com.google.firebase.analytics.ktx.FirebaseAnalyticsLegacyRegistrar"
104-->[com.google.firebase:firebase-analytics-ktx:22.0.2] AndroidManifest.xml:12:17-129
105                android:value="com.google.firebase.components.ComponentRegistrar" />
105-->[com.google.firebase:firebase-analytics-ktx:22.0.2] AndroidManifest.xml:13:17-82
106            <meta-data
106-->[com.google.firebase:firebase-firestore:25.0.0] AndroidManifest.xml:17:13-19:85
107                android:name="com.google.firebase.components:com.google.firebase.firestore.FirebaseFirestoreKtxRegistrar"
107-->[com.google.firebase:firebase-firestore:25.0.0] AndroidManifest.xml:18:17-122
108                android:value="com.google.firebase.components.ComponentRegistrar" />
108-->[com.google.firebase:firebase-firestore:25.0.0] AndroidManifest.xml:19:17-82
109            <meta-data
109-->[com.google.firebase:firebase-firestore:25.0.0] AndroidManifest.xml:20:13-22:85
110                android:name="com.google.firebase.components:com.google.firebase.firestore.FirestoreRegistrar"
110-->[com.google.firebase:firebase-firestore:25.0.0] AndroidManifest.xml:21:17-111
111                android:value="com.google.firebase.components.ComponentRegistrar" />
111-->[com.google.firebase:firebase-firestore:25.0.0] AndroidManifest.xml:22:17-82
112            <meta-data
112-->[com.google.firebase:firebase-auth:23.0.0] AndroidManifest.xml:69:13-71:85
113                android:name="com.google.firebase.components:com.google.firebase.auth.FirebaseAuthRegistrar"
113-->[com.google.firebase:firebase-auth:23.0.0] AndroidManifest.xml:70:17-109
114                android:value="com.google.firebase.components.ComponentRegistrar" />
114-->[com.google.firebase:firebase-auth:23.0.0] AndroidManifest.xml:71:17-82
115            <meta-data
115-->[com.google.firebase:firebase-sessions:2.0.3] AndroidManifest.xml:29:13-31:85
116                android:name="com.google.firebase.components:com.google.firebase.sessions.FirebaseSessionsRegistrar"
116-->[com.google.firebase:firebase-sessions:2.0.3] AndroidManifest.xml:30:17-117
117                android:value="com.google.firebase.components.ComponentRegistrar" />
117-->[com.google.firebase:firebase-sessions:2.0.3] AndroidManifest.xml:31:17-82
118            <meta-data
118-->[com.google.android.gms:play-services-measurement-api:22.0.2] AndroidManifest.xml:37:13-39:85
119                android:name="com.google.firebase.components:com.google.firebase.analytics.connector.internal.AnalyticsConnectorRegistrar"
119-->[com.google.android.gms:play-services-measurement-api:22.0.2] AndroidManifest.xml:38:17-139
120                android:value="com.google.firebase.components.ComponentRegistrar" />
120-->[com.google.android.gms:play-services-measurement-api:22.0.2] AndroidManifest.xml:39:17-82
121            <meta-data
121-->[com.google.firebase:firebase-installations:18.0.0] AndroidManifest.xml:15:13-17:85
122                android:name="com.google.firebase.components:com.google.firebase.installations.FirebaseInstallationsKtxRegistrar"
122-->[com.google.firebase:firebase-installations:18.0.0] AndroidManifest.xml:16:17-130
123                android:value="com.google.firebase.components.ComponentRegistrar" />
123-->[com.google.firebase:firebase-installations:18.0.0] AndroidManifest.xml:17:17-82
124            <meta-data
124-->[com.google.firebase:firebase-installations:18.0.0] AndroidManifest.xml:18:13-20:85
125                android:name="com.google.firebase.components:com.google.firebase.installations.FirebaseInstallationsRegistrar"
125-->[com.google.firebase:firebase-installations:18.0.0] AndroidManifest.xml:19:17-127
126                android:value="com.google.firebase.components.ComponentRegistrar" />
126-->[com.google.firebase:firebase-installations:18.0.0] AndroidManifest.xml:20:17-82
127            <meta-data
127-->[com.google.firebase:firebase-common-ktx:21.0.0] AndroidManifest.xml:12:13-14:85
128                android:name="com.google.firebase.components:com.google.firebase.ktx.FirebaseCommonLegacyRegistrar"
128-->[com.google.firebase:firebase-common-ktx:21.0.0] AndroidManifest.xml:13:17-116
129                android:value="com.google.firebase.components.ComponentRegistrar" />
129-->[com.google.firebase:firebase-common-ktx:21.0.0] AndroidManifest.xml:14:17-82
130            <meta-data
130-->[com.google.firebase:firebase-datatransport:19.0.0] AndroidManifest.xml:25:13-27:85
131                android:name="com.google.firebase.components:com.google.firebase.datatransport.TransportRegistrar"
131-->[com.google.firebase:firebase-datatransport:19.0.0] AndroidManifest.xml:26:17-115
132                android:value="com.google.firebase.components.ComponentRegistrar" />
132-->[com.google.firebase:firebase-datatransport:19.0.0] AndroidManifest.xml:27:17-82
133            <meta-data
133-->[com.google.firebase:firebase-common:21.0.0] AndroidManifest.xml:35:13-37:85
134                android:name="com.google.firebase.components:com.google.firebase.FirebaseCommonKtxRegistrar"
134-->[com.google.firebase:firebase-common:21.0.0] AndroidManifest.xml:36:17-109
135                android:value="com.google.firebase.components.ComponentRegistrar" />
135-->[com.google.firebase:firebase-common:21.0.0] AndroidManifest.xml:37:17-82
136        </service>
137
138        <activity
138-->[com.google.firebase:firebase-auth:23.0.0] AndroidManifest.xml:29:9-46:20
139            android:name="com.google.firebase.auth.internal.GenericIdpActivity"
139-->[com.google.firebase:firebase-auth:23.0.0] AndroidManifest.xml:30:13-80
140            android:excludeFromRecents="true"
140-->[com.google.firebase:firebase-auth:23.0.0] AndroidManifest.xml:31:13-46
141            android:exported="true"
141-->[com.google.firebase:firebase-auth:23.0.0] AndroidManifest.xml:32:13-36
142            android:launchMode="singleTask"
142-->[com.google.firebase:firebase-auth:23.0.0] AndroidManifest.xml:33:13-44
143            android:theme="@android:style/Theme.Translucent.NoTitleBar" >
143-->[com.google.firebase:firebase-auth:23.0.0] AndroidManifest.xml:34:13-72
144            <intent-filter>
144-->[com.google.firebase:firebase-auth:23.0.0] AndroidManifest.xml:35:13-45:29
145                <action android:name="android.intent.action.VIEW" />
145-->[com.google.firebase:firebase-auth:23.0.0] AndroidManifest.xml:36:17-69
145-->[com.google.firebase:firebase-auth:23.0.0] AndroidManifest.xml:36:25-66
146
147                <category android:name="android.intent.category.DEFAULT" />
147-->[com.google.firebase:firebase-auth:23.0.0] AndroidManifest.xml:38:17-76
147-->[com.google.firebase:firebase-auth:23.0.0] AndroidManifest.xml:38:27-73
148                <category android:name="android.intent.category.BROWSABLE" />
148-->[com.google.firebase:firebase-auth:23.0.0] AndroidManifest.xml:39:17-78
148-->[com.google.firebase:firebase-auth:23.0.0] AndroidManifest.xml:39:27-75
149
150                <data
150-->src/main/AndroidManifest.xml:42:13-50
151                    android:host="firebase.auth"
152                    android:path="/"
153                    android:scheme="genericidp" />
154            </intent-filter>
155        </activity>
156        <activity
156-->[com.google.firebase:firebase-auth:23.0.0] AndroidManifest.xml:47:9-64:20
157            android:name="com.google.firebase.auth.internal.RecaptchaActivity"
157-->[com.google.firebase:firebase-auth:23.0.0] AndroidManifest.xml:48:13-79
158            android:excludeFromRecents="true"
158-->[com.google.firebase:firebase-auth:23.0.0] AndroidManifest.xml:49:13-46
159            android:exported="true"
159-->[com.google.firebase:firebase-auth:23.0.0] AndroidManifest.xml:50:13-36
160            android:launchMode="singleTask"
160-->[com.google.firebase:firebase-auth:23.0.0] AndroidManifest.xml:51:13-44
161            android:theme="@android:style/Theme.Translucent.NoTitleBar" >
161-->[com.google.firebase:firebase-auth:23.0.0] AndroidManifest.xml:52:13-72
162            <intent-filter>
162-->[com.google.firebase:firebase-auth:23.0.0] AndroidManifest.xml:53:13-63:29
163                <action android:name="android.intent.action.VIEW" />
163-->[com.google.firebase:firebase-auth:23.0.0] AndroidManifest.xml:36:17-69
163-->[com.google.firebase:firebase-auth:23.0.0] AndroidManifest.xml:36:25-66
164
165                <category android:name="android.intent.category.DEFAULT" />
165-->[com.google.firebase:firebase-auth:23.0.0] AndroidManifest.xml:38:17-76
165-->[com.google.firebase:firebase-auth:23.0.0] AndroidManifest.xml:38:27-73
166                <category android:name="android.intent.category.BROWSABLE" />
166-->[com.google.firebase:firebase-auth:23.0.0] AndroidManifest.xml:39:17-78
166-->[com.google.firebase:firebase-auth:23.0.0] AndroidManifest.xml:39:27-75
167
168                <data
168-->src/main/AndroidManifest.xml:42:13-50
169                    android:host="firebase.auth"
170                    android:path="/"
171                    android:scheme="recaptcha" />
172            </intent-filter>
173        </activity>
174
175        <service
175-->[com.google.firebase:firebase-sessions:2.0.3] AndroidManifest.xml:22:9-25:40
176            android:name="com.google.firebase.sessions.SessionLifecycleService"
176-->[com.google.firebase:firebase-sessions:2.0.3] AndroidManifest.xml:23:13-80
177            android:enabled="true"
177-->[com.google.firebase:firebase-sessions:2.0.3] AndroidManifest.xml:24:13-35
178            android:exported="false" />
178-->[com.google.firebase:firebase-sessions:2.0.3] AndroidManifest.xml:25:13-37
179
180        <property
180-->[com.google.android.gms:play-services-measurement-api:22.0.2] AndroidManifest.xml:30:9-32:61
181            android:name="android.adservices.AD_SERVICES_CONFIG"
181-->[com.google.android.gms:play-services-measurement-api:22.0.2] AndroidManifest.xml:31:13-65
182            android:resource="@xml/ga_ad_services_config" />
182-->[com.google.android.gms:play-services-measurement-api:22.0.2] AndroidManifest.xml:32:13-58
183
184        <service
184-->[com.google.android.datatransport:transport-backend-cct:3.3.0] AndroidManifest.xml:26:9-32:19
185            android:name="com.google.android.datatransport.runtime.backends.TransportBackendDiscovery"
185-->[com.google.android.datatransport:transport-backend-cct:3.3.0] AndroidManifest.xml:27:13-103
186            android:exported="false" >
186-->[com.google.android.datatransport:transport-backend-cct:3.3.0] AndroidManifest.xml:28:13-37
187            <meta-data
187-->[com.google.android.datatransport:transport-backend-cct:3.3.0] AndroidManifest.xml:29:13-31:39
188                android:name="backend:com.google.android.datatransport.cct.CctBackendFactory"
188-->[com.google.android.datatransport:transport-backend-cct:3.3.0] AndroidManifest.xml:30:17-94
189                android:value="cct" />
189-->[com.google.android.datatransport:transport-backend-cct:3.3.0] AndroidManifest.xml:31:17-36
190        </service>
191        <service
191-->[androidx.credentials:credentials-play-services-auth:1.2.0-rc01] AndroidManifest.xml:24:9-32:19
192            android:name="androidx.credentials.playservices.CredentialProviderMetadataHolder"
192-->[androidx.credentials:credentials-play-services-auth:1.2.0-rc01] AndroidManifest.xml:25:13-94
193            android:enabled="true"
193-->[androidx.credentials:credentials-play-services-auth:1.2.0-rc01] AndroidManifest.xml:26:13-35
194            android:exported="false" >
194-->[androidx.credentials:credentials-play-services-auth:1.2.0-rc01] AndroidManifest.xml:27:13-37
195            <meta-data
195-->[androidx.credentials:credentials-play-services-auth:1.2.0-rc01] AndroidManifest.xml:29:13-31:104
196                android:name="androidx.credentials.CREDENTIAL_PROVIDER_KEY"
196-->[androidx.credentials:credentials-play-services-auth:1.2.0-rc01] AndroidManifest.xml:30:17-76
197                android:value="androidx.credentials.playservices.CredentialProviderPlayServicesImpl" />
197-->[androidx.credentials:credentials-play-services-auth:1.2.0-rc01] AndroidManifest.xml:31:17-101
198        </service>
199
200        <activity
200-->[androidx.credentials:credentials-play-services-auth:1.2.0-rc01] AndroidManifest.xml:34:9-41:20
201            android:name="androidx.credentials.playservices.HiddenActivity"
201-->[androidx.credentials:credentials-play-services-auth:1.2.0-rc01] AndroidManifest.xml:35:13-76
202            android:configChanges="orientation|screenSize|screenLayout|keyboardHidden"
202-->[androidx.credentials:credentials-play-services-auth:1.2.0-rc01] AndroidManifest.xml:36:13-87
203            android:enabled="true"
203-->[androidx.credentials:credentials-play-services-auth:1.2.0-rc01] AndroidManifest.xml:37:13-35
204            android:exported="false"
204-->[androidx.credentials:credentials-play-services-auth:1.2.0-rc01] AndroidManifest.xml:38:13-37
205            android:fitsSystemWindows="true"
205-->[androidx.credentials:credentials-play-services-auth:1.2.0-rc01] AndroidManifest.xml:39:13-45
206            android:theme="@style/Theme.Hidden" >
206-->[androidx.credentials:credentials-play-services-auth:1.2.0-rc01] AndroidManifest.xml:40:13-48
207        </activity>
208
209        <provider
209-->[com.google.firebase:firebase-common:21.0.0] AndroidManifest.xml:23:9-28:39
210            android:name="com.google.firebase.provider.FirebaseInitProvider"
210-->[com.google.firebase:firebase-common:21.0.0] AndroidManifest.xml:24:13-77
211            android:authorities="com.example.u_learning_app.firebaseinitprovider"
211-->[com.google.firebase:firebase-common:21.0.0] AndroidManifest.xml:25:13-72
212            android:directBootAware="true"
212-->[com.google.firebase:firebase-common:21.0.0] AndroidManifest.xml:26:13-43
213            android:exported="false"
213-->[com.google.firebase:firebase-common:21.0.0] AndroidManifest.xml:27:13-37
214            android:initOrder="100" />
214-->[com.google.firebase:firebase-common:21.0.0] AndroidManifest.xml:28:13-36
215
216        <uses-library
216-->[androidx.window:window:1.0.0-beta04] AndroidManifest.xml:25:9-27:40
217            android:name="androidx.window.extensions"
217-->[androidx.window:window:1.0.0-beta04] AndroidManifest.xml:26:13-54
218            android:required="false" />
218-->[androidx.window:window:1.0.0-beta04] AndroidManifest.xml:27:13-37
219        <uses-library
219-->[androidx.window:window:1.0.0-beta04] AndroidManifest.xml:28:9-30:40
220            android:name="androidx.window.sidecar"
220-->[androidx.window:window:1.0.0-beta04] AndroidManifest.xml:29:13-51
221            android:required="false" />
221-->[androidx.window:window:1.0.0-beta04] AndroidManifest.xml:30:13-37
222
223        <receiver
223-->[com.google.android.gms:play-services-measurement:22.0.2] AndroidManifest.xml:29:9-33:20
224            android:name="com.google.android.gms.measurement.AppMeasurementReceiver"
224-->[com.google.android.gms:play-services-measurement:22.0.2] AndroidManifest.xml:30:13-85
225            android:enabled="true"
225-->[com.google.android.gms:play-services-measurement:22.0.2] AndroidManifest.xml:31:13-35
226            android:exported="false" >
226-->[com.google.android.gms:play-services-measurement:22.0.2] AndroidManifest.xml:32:13-37
227        </receiver>
228
229        <service
229-->[com.google.android.gms:play-services-measurement:22.0.2] AndroidManifest.xml:35:9-38:40
230            android:name="com.google.android.gms.measurement.AppMeasurementService"
230-->[com.google.android.gms:play-services-measurement:22.0.2] AndroidManifest.xml:36:13-84
231            android:enabled="true"
231-->[com.google.android.gms:play-services-measurement:22.0.2] AndroidManifest.xml:37:13-35
232            android:exported="false" />
232-->[com.google.android.gms:play-services-measurement:22.0.2] AndroidManifest.xml:38:13-37
233        <service
233-->[com.google.android.gms:play-services-measurement:22.0.2] AndroidManifest.xml:39:9-43:72
234            android:name="com.google.android.gms.measurement.AppMeasurementJobService"
234-->[com.google.android.gms:play-services-measurement:22.0.2] AndroidManifest.xml:40:13-87
235            android:enabled="true"
235-->[com.google.android.gms:play-services-measurement:22.0.2] AndroidManifest.xml:41:13-35
236            android:exported="false"
236-->[com.google.android.gms:play-services-measurement:22.0.2] AndroidManifest.xml:42:13-37
237            android:permission="android.permission.BIND_JOB_SERVICE" />
237-->[com.google.android.gms:play-services-measurement:22.0.2] AndroidManifest.xml:43:13-69
238
239        <uses-library
239-->[androidx.privacysandbox.ads:ads-adservices:1.0.0-beta05] AndroidManifest.xml:23:9-25:40
240            android:name="android.ext.adservices"
240-->[androidx.privacysandbox.ads:ads-adservices:1.0.0-beta05] AndroidManifest.xml:24:13-50
241            android:required="false" />
241-->[androidx.privacysandbox.ads:ads-adservices:1.0.0-beta05] AndroidManifest.xml:25:13-37
242
243        <service
243-->[com.google.android.datatransport:transport-runtime:3.3.0] AndroidManifest.xml:24:9-28:19
244            android:name="com.google.android.datatransport.runtime.scheduling.jobscheduling.JobInfoSchedulerService"
244-->[com.google.android.datatransport:transport-runtime:3.3.0] AndroidManifest.xml:25:13-117
245            android:exported="false"
245-->[com.google.android.datatransport:transport-runtime:3.3.0] AndroidManifest.xml:26:13-37
246            android:permission="android.permission.BIND_JOB_SERVICE" >
246-->[com.google.android.datatransport:transport-runtime:3.3.0] AndroidManifest.xml:27:13-69
247        </service>
248
249        <receiver
249-->[com.google.android.datatransport:transport-runtime:3.3.0] AndroidManifest.xml:30:9-32:40
250            android:name="com.google.android.datatransport.runtime.scheduling.jobscheduling.AlarmManagerSchedulerBroadcastReceiver"
250-->[com.google.android.datatransport:transport-runtime:3.3.0] AndroidManifest.xml:31:13-132
251            android:exported="false" />
251-->[com.google.android.datatransport:transport-runtime:3.3.0] AndroidManifest.xml:32:13-37
252
253        <activity
253-->[com.google.android.gms:play-services-auth:20.7.0] AndroidManifest.xml:23:9-27:75
254            android:name="com.google.android.gms.auth.api.signin.internal.SignInHubActivity"
254-->[com.google.android.gms:play-services-auth:20.7.0] AndroidManifest.xml:24:13-93
255            android:excludeFromRecents="true"
255-->[com.google.android.gms:play-services-auth:20.7.0] AndroidManifest.xml:25:13-46
256            android:exported="false"
256-->[com.google.android.gms:play-services-auth:20.7.0] AndroidManifest.xml:26:13-37
257            android:theme="@android:style/Theme.Translucent.NoTitleBar" />
257-->[com.google.android.gms:play-services-auth:20.7.0] AndroidManifest.xml:27:13-72
258        <!--
259            Service handling Google Sign-In user revocation. For apps that do not integrate with
260            Google Sign-In, this service will never be started.
261        -->
262        <service
262-->[com.google.android.gms:play-services-auth:20.7.0] AndroidManifest.xml:33:9-37:51
263            android:name="com.google.android.gms.auth.api.signin.RevocationBoundService"
263-->[com.google.android.gms:play-services-auth:20.7.0] AndroidManifest.xml:34:13-89
264            android:exported="true"
264-->[com.google.android.gms:play-services-auth:20.7.0] AndroidManifest.xml:35:13-36
265            android:permission="com.google.android.gms.auth.api.signin.permission.REVOCATION_NOTIFICATION"
265-->[com.google.android.gms:play-services-auth:20.7.0] AndroidManifest.xml:36:13-107